<?xml version="1.0" encoding="UTF-8"?>
<testsuite name="ghost.ConfigReaderTest" tests="1" skipped="0" failures="0" errors="0" timestamp="2025-10-07T07:10:44.433Z" hostname="DESKTOP-01JIJS2" time="0.004">
  <properties/>
  <testcase name="simpleTest()" classname="ghost.ConfigReaderTest" time="0.004"/>
  <system-out><![CDATA[]]></system-out>
  <system-err><![CDATA[]]></system-err>
</testsuite>
