<?xml version="1.0" encoding="UTF-8"?>
<testsuite name="ghost.GhostImageTest" tests="2" skipped="0" failures="0" errors="0" timestamp="2025-10-07T12:35:02.825Z" hostname="DESKTOP-01JIJS2" time="0.106">
  <properties/>
  <testcase name="drawTest()" classname="ghost.GhostImageTest" time="0.045"/>
  <testcase name="loadImageTest()" classname="ghost.GhostImageTest" time="0.061"/>
  <system-out><![CDATA[]]></system-out>
  <system-err><![CDATA[]]></system-err>
</testsuite>
