<?xml version="1.0" encoding="UTF-8"?>
<testsuite name="ghost.GhostMovementTest" tests="5" skipped="0" failures="0" errors="0" timestamp="2025-10-07T07:10:44.509Z" hostname="DESKTOP-01JIJS2" time="0.019">
  <properties/>
  <testcase name="getPossubleTurnsTest()" classname="ghost.GhostMovementTest" time="0.003"/>
  <testcase name="tickMovementTest()" classname="ghost.GhostMovementTest" time="0.003"/>
  <testcase name="chooseModeTest()" classname="ghost.GhostMovementTest" time="0.003"/>
  <testcase name="decideTurnTest()" classname="ghost.GhostMovementTest" time="0.003"/>
  <testcase name="tickTest()" classname="ghost.GhostMovementTest" time="0.003"/>
  <system-out><![CDATA[]]></system-out>
  <system-err><![CDATA[]]></system-err>
</testsuite>
