<?xml version="1.0" encoding="UTF-8"?>
<testsuite name="ghost.AppTest" tests="1" skipped="0" failures="0" errors="0" timestamp="2025-10-08T03:39:53.411Z" hostname="DESKTOP-01JIJS2" time="2.507">
  <properties/>
  <testcase name="restartTest()" classname="ghost.AppTest" time="2.507"/>
  <system-out><![CDATA[]]></system-out>
  <system-err><![CDATA[java.lang.NullPointerException: Cannot read field "width" because "img" is null
	at processing.core.PGraphics.image(PGraphics.java:3770)
	at processing.core.PApplet.image(PApplet.java:12611)
	at ghost.Waka.draw(Waka.java:150)
	at ghost.App.draw(App.java:132)
	at processing.core.PApplet.handleDraw(PApplet.java:2426)
	at processing.awt.PSurfaceAWT$12.callDraw(PSurfaceAWT.java:1557)
	at processing.core.PSurfaceNone$AnimationThread.run(PSurfaceNone.java:316)
]]></system-err>
</testsuite>
