<?xml version="1.0" encoding="UTF-8"?>
<testsuite name="ghost.AppTest" tests="1" skipped="0" failures="0" errors="0" timestamp="2025-10-07T12:35:01.006Z" hostname="DESKTOP-01JIJS2" time="1.808">
  <properties/>
  <testcase name="restartTest()" classname="ghost.AppTest" time="1.808"/>
  <system-out><![CDATA[]]></system-out>
  <system-err><![CDATA[]]></system-err>
</testsuite>
