<?xml version="1.0" encoding="UTF-8"?>
<testsuite name="ghost.GhostImageTest" tests="2" skipped="0" failures="0" errors="0" timestamp="2025-10-07T06:54:21.943Z" hostname="DESKTOP-01JIJS2" time="0.067">
  <properties/>
  <testcase name="drawTest()" classname="ghost.GhostImageTest" time="0.026"/>
  <testcase name="loadImageTest()" classname="ghost.GhostImageTest" time="0.04"/>
  <system-out><![CDATA[]]></system-out>
  <system-err><![CDATA[]]></system-err>
</testsuite>
