<?xml version="1.0" encoding="UTF-8"?>
<testsuite name="ghost.GhostImageTest" tests="2" skipped="0" failures="0" errors="0" timestamp="2025-10-07T07:10:44.439Z" hostname="DESKTOP-01JIJS2" time="0.068">
  <properties/>
  <testcase name="drawTest()" classname="ghost.GhostImageTest" time="0.025"/>
  <testcase name="loadImageTest()" classname="ghost.GhostImageTest" time="0.042"/>
  <system-out><![CDATA[]]></system-out>
  <system-err><![CDATA[]]></system-err>
</testsuite>
